# JRE version: Java(TM) SE Runtime Environment (8.0_91-b15) (build 1.8.0_91-b15)
# Java VM: Java HotSpot(TM) 64-Bit Server VM (25.91-b15 mixed mode windows-amd64 compressed oops)
Heap:
 PSYoungGen      total 105472K, used 85265K [0x00000000d6e00000, 0x00000000de000000, 0x0000000100000000)
  eden space 97792K, 79% used [0x00000000d6e00000,0x00000000db9da428,0x00000000dcd80000)
  from space 7680K, 98% used [0x00000000dd880000,0x00000000ddfea0a8,0x00000000de000000)
  to   space 9216K, 0% used [0x00000000dce00000,0x00000000dce00000,0x00000000dd700000)
 ParOldGen       total 53760K, used 9160K [0x0000000084a00000, 0x0000000087e80000, 0x00000000d6e00000)
  object space 53760K, 17% used [0x0000000084a00000,0x00000000852f2078,0x0000000087e80000)
 Metaspace       used 32752K, capacity 34630K, committed 34864K, reserved 1079296K
  class space    used 4272K, capacity 4629K, committed 4656K, reserved 1048576K
GC Heap History (10 events):
Event: 1.590 GC heap before
{Heap before GC invocations=3 (full 0):
 PSYoungGen      total 36864K, used 36851K [0x00000000d6e00000, 0x00000000db600000, 0x0000000100000000)
  eden space 31744K, 100% used [0x00000000d6e00000,0x00000000d8d00000,0x00000000d8d00000)
  from space 5120K, 99% used [0x00000000d9200000,0x00000000d96fcfc0,0x00000000d9700000)
  to   space 5120K, 0% used [0x00000000d8d00000,0x00000000d8d00000,0x00000000d9200000)
 ParOldGen       total 84992K, used 1260K [0x0000000084a00000, 0x0000000089d00000, 0x00000000d6e00000)
  object space 84992K, 1% used [0x0000000084a00000,0x0000000084b3b328,0x0000000089d00000)
 Metaspace       used 17977K, capacity 19240K, committed 19584K, reserved 1067008K
  class space    used 2328K, capacity 2578K, committed 2688K, reserved 1048576K
Event: 1.597 GC heap after
Heap after GC invocations=3 (full 0):
 PSYoungGen      total 36864K, used 5101K [0x00000000d6e00000, 0x00000000db600000, 0x0000000100000000)
  eden space 31744K, 0% used [0x00000000d6e00000,0x00000000d6e00000,0x00000000d8d00000)
  from space 5120K, 99% used [0x00000000d8d00000,0x00000000d91fb528,0x00000000d9200000)
  to   space 5120K, 0% used [0x00000000db100000,0x00000000db100000,0x00000000db600000)
 ParOldGen       total 84992K, used 3849K [0x0000000084a00000, 0x0000000089d00000, 0x00000000d6e00000)
  object space 84992K, 4% used [0x0000000084a00000,0x0000000084dc24e8,0x0000000089d00000)
 Metaspace       used 17977K, capacity 19240K, committed 19584K, reserved 1067008K
  class space    used 2328K, capacity 2578K, committed 2688K, reserved 1048576K
}
Event: 1.704 GC heap before
{Heap before GC invocations=4 (full 0):
 PSYoungGen      total 36864K, used 17999K [0x00000000d6e00000, 0x00000000db600000, 0x0000000100000000)
  eden space 31744K, 40% used [0x00000000d6e00000,0x00000000d7a989a0,0x00000000d8d00000)
  from space 5120K, 99% used [0x00000000d8d00000,0x00000000d91fb528,0x00000000d9200000)
  to   space 5120K, 0% used [0x00000000db100000,0x00000000db100000,0x00000000db600000)
 ParOldGen       total 84992K, used 3849K [0x0000000084a00000, 0x0000000089d00000, 0x00000000d6e00000)
  object space 84992K, 4% used [0x0000000084a00000,0x0000000084dc24e8,0x0000000089d00000)
 Metaspace       used 19904K, capacity 21210K, committed 21296K, reserved 1067008K
  class space    used 2544K, capacity 2823K, committed 2864K, reserved 1048576K
Event: 1.709 GC heap after
Heap after GC invocations=4 (full 0):
 PSYoungGen      total 68608K, used 5094K [0x00000000d6e00000, 0x00000000db600000, 0x0000000100000000)
  eden space 63488K, 0% used [0x00000000d6e00000,0x00000000d6e00000,0x00000000dac00000)
  from space 5120K, 99% used [0x00000000db100000,0x00000000db5f9bf0,0x00000000db600000)
  to   space 5120K, 0% used [0x00000000dac00000,0x00000000dac00000,0x00000000db100000)
 ParOldGen       total 84992K, used 5242K [0x0000000084a00000, 0x0000000089d00000, 0x00000000d6e00000)
  object space 84992K, 6% used [0x0000000084a00000,0x0000000084f1ea28,0x0000000089d00000)
 Metaspace       used 19904K, capacity 21210K, committed 21296K, reserved 1067008K
  class space    used 2544K, capacity 2823K, committed 2864K, reserved 1048576K
}
Event: 1.709 GC heap before
{Heap before GC invocations=5 (full 1):
 PSYoungGen      total 68608K, used 5094K [0x00000000d6e00000, 0x00000000db600000, 0x0000000100000000)
  eden space 63488K, 0% used [0x00000000d6e00000,0x00000000d6e00000,0x00000000dac00000)
  from space 5120K, 99% used [0x00000000db100000,0x00000000db5f9bf0,0x00000000db600000)
  to   space 5120K, 0% used [0x00000000dac00000,0x00000000dac00000,0x00000000db100000)
 ParOldGen       total 84992K, used 5242K [0x0000000084a00000, 0x0000000089d00000, 0x00000000d6e00000)
  object space 84992K, 6% used [0x0000000084a00000,0x0000000084f1ea28,0x0000000089d00000)
 Metaspace       used 19904K, capacity 21210K, committed 21296K, reserved 1067008K
  class space    used 2544K, capacity 2823K, committed 2864K, reserved 1048576K
Event: 1.733 GC heap after
Heap after GC invocations=5 (full 1):
 PSYoungGen      total 68608K, used 0K [0x00000000d6e00000, 0x00000000db600000, 0x0000000100000000)
  eden space 63488K, 0% used [0x00000000d6e00000,0x00000000d6e00000,0x00000000dac00000)
  from space 5120K, 0% used [0x00000000db100000,0x00000000db100000,0x00000000db600000)
  to   space 5120K, 0% used [0x00000000dac00000,0x00000000dac00000,0x00000000db100000)
 ParOldGen       total 53760K, used 6296K [0x0000000084a00000, 0x0000000087e80000, 0x00000000d6e00000)
  object space 53760K, 11% used [0x0000000084a00000,0x0000000085026358,0x0000000087e80000)
 Metaspace       used 19904K, capacity 21210K, committed 21296K, reserved 1067008K
  class space    used 2544K, capacity 2823K, committed 2864K, reserved 1048576K
}
Event: 2.238 GC heap before
{Heap before GC invocations=6 (full 1):
 PSYoungGen      total 68608K, used 63488K [0x00000000d6e00000, 0x00000000db600000, 0x0000000100000000)
  eden space 63488K, 100% used [0x00000000d6e00000,0x00000000dac00000,0x00000000dac00000)
  from space 5120K, 0% used [0x00000000db100000,0x00000000db100000,0x00000000db600000)
  to   space 5120K, 0% used [0x00000000dac00000,0x00000000dac00000,0x00000000db100000)
 ParOldGen       total 53760K, used 6296K [0x0000000084a00000, 0x0000000087e80000, 0x00000000d6e00000)
  object space 53760K, 11% used [0x0000000084a00000,0x0000000085026358,0x0000000087e80000)
 Metaspace       used 23276K, capacity 24700K, committed 24880K, reserved 1071104K
  class space    used 3007K, capacity 3282K, committed 3376K, reserved 1048576K
Event: 2.244 GC heap after
Heap after GC invocations=6 (full 1):
 PSYoungGen      total 68608K, used 5104K [0x00000000d6e00000, 0x00000000de100000, 0x0000000100000000)
  eden space 63488K, 0% used [0x00000000d6e00000,0x00000000d6e00000,0x00000000dac00000)
  from space 5120K, 99% used [0x00000000dac00000,0x00000000db0fc058,0x00000000db100000)
  to   space 8704K, 0% used [0x00000000dd880000,0x00000000dd880000,0x00000000de100000)
 ParOldGen       total 53760K, used 9152K [0x0000000084a00000, 0x0000000087e80000, 0x00000000d6e00000)
  object space 53760K, 17% used [0x0000000084a00000,0x00000000852f0078,0x0000000087e80000)
 Metaspace       used 23276K, capacity 24700K, committed 24880K, reserved 1071104K
  class space    used 3007K, capacity 3282K, committed 3376K, reserved 1048576K
}
Event: 2.951 GC heap before
{Heap before GC invocations=7 (full 1):
 PSYoungGen      total 68608K, used 68592K [0x00000000d6e00000, 0x00000000de100000, 0x0000000100000000)
  eden space 63488K, 100% used [0x00000000d6e00000,0x00000000dac00000,0x00000000dac00000)
  from space 5120K, 99% used [0x00000000dac00000,0x00000000db0fc058,0x00000000db100000)
  to   space 8704K, 0% used [0x00000000dd880000,0x00000000dd880000,0x00000000de100000)
 ParOldGen       total 53760K, used 9152K [0x0000000084a00000, 0x0000000087e80000, 0x00000000d6e00000)
  object space 53760K, 17% used [0x0000000084a00000,0x00000000852f0078,0x0000000087e80000)
 Metaspace       used 26466K, capacity 28138K, committed 28336K, reserved 1073152K
  class space    used 3443K, capacity 3759K, committed 3760K, reserved 1048576K
Event: 2.956 GC heap after
Heap after GC invocations=7 (full 1):
 PSYoungGen      total 105472K, used 7592K [0x00000000d6e00000, 0x00000000de000000, 0x0000000100000000)
  eden space 97792K, 0% used [0x00000000d6e00000,0x00000000d6e00000,0x00000000dcd80000)
  from space 7680K, 98% used [0x00000000dd880000,0x00000000ddfea0a8,0x00000000de000000)
  to   space 9216K, 0% used [0x00000000dce00000,0x00000000dce00000,0x00000000dd700000)
 ParOldGen       total 53760K, used 9160K [0x0000000084a00000, 0x0000000087e80000, 0x00000000d6e00000)
  object space 53760K, 17% used [0x0000000084a00000,0x00000000852f2078,0x0000000087e80000)
 Metaspace       used 26466K, capacity 28138K, committed 28336K, reserved 1073152K
  class space    used 3443K, capacity 3759K, committed 3760K, reserved 1048576K
}

